<?xml version="1.0" encoding="UTF-8"?>
<!-- Generated by org.testng.reporters.JUnitReportReporter -->
<testsuite skipped="0" hostname="LK-KAM" name="Runner.TestRunner" tests="1" failures="0" timestamp="11 Aug 2018 16:06:46 GMT" time="0.007" errors="0">
  <testcase name="feature" time="0.007" classname="Runner.TestRunner"/>
</testsuite> <!-- Runner.TestRunner -->
