<?xml version="1.0" encoding="UTF-8"?>
<!-- Generated by org.testng.reporters.JUnitReportReporter -->
<testsuite hostname="LK-KAM" failures="0" tests="1" name="Runner.TestRunner" time="21.878" errors="0" timestamp="08 Sep 2018 16:38:33 GMT" skipped="0">
  <testcase classname="Runner.TestRunner" name="feature" time="21.878"/>
</testsuite> <!-- Runner.TestRunner -->
