<?xml version="1.0" encoding="UTF-8"?>
<!-- Generated by org.testng.reporters.JUnitReportReporter -->
<testsuite hostname="LK-KAM" failures="0" tests="1" name="Test.Test" time="3.094" errors="0" timestamp="05 Aug 2018 09:55:40 GMT" skipped="0">
  <testcase classname="Test.Test" name="test_Home_Page_Appear_Correct" time="3.094"/>
</testsuite> <!-- Test.Test -->
