<?xml version="1.0" encoding="UTF-8"?>
<!-- Generated by org.testng.reporters.JUnitReportReporter -->
<testsuite hostname="LK-KAM" failures="0" tests="1" name="Runner.TestRunner" time="16.223" errors="0" timestamp="18 Sep 2018 00:59:45 GMT" skipped="0">
  <testcase classname="Runner.TestRunner" name="feature" time="16.223"/>
</testsuite> <!-- Runner.TestRunner -->
