<?xml version="1.0" encoding="UTF-8"?>
<!-- Generated by org.testng.reporters.JUnitReportReporter -->
<testsuite hostname="LK-KAM" failures="0" tests="1" name="Runner.TestRunner" time="17.114" errors="0" timestamp="24 Sep 2018 00:48:19 GMT" skipped="0">
  <testcase classname="Runner.TestRunner" name="feature" time="17.114"/>
</testsuite> <!-- Runner.TestRunner -->
