<?xml version="1.0" encoding="UTF-8"?>
<!-- Generated by org.testng.reporters.JUnitReportReporter -->
<testsuite hostname="LK-KAM" failures="0" tests="1" name="Runner.TestRunner" time="14.706" errors="0" timestamp="23 Sep 2018 01:52:40 GMT" skipped="0">
  <testcase classname="Runner.TestRunner" name="feature" time="14.706"/>
</testsuite> <!-- Runner.TestRunner -->
