<?xml version="1.0" encoding="UTF-8"?>
<!-- Generated by org.testng.reporters.JUnitReportReporter -->
<testsuite hostname="LK-KAM" failures="0" tests="1" name="Runner.TestRunner" time="12.376" errors="0" timestamp="08 Sep 2018 15:44:30 GMT" skipped="0">
  <testcase classname="Runner.TestRunner" name="feature" time="12.376"/>
</testsuite> <!-- Runner.TestRunner -->
