<?xml version="1.0" encoding="UTF-8"?>
<!-- Generated by org.testng.reporters.JUnitReportReporter -->
<testsuite hostname="LK-KAM" failures="0" tests="1" name="Runner.TestRunner" time="16.446" errors="0" timestamp="06 Sep 2018 16:22:20 GMT" skipped="0">
  <testcase classname="Runner.TestRunner" name="feature" time="16.446"/>
</testsuite> <!-- Runner.TestRunner -->
