<?xml version="1.0" encoding="UTF-8"?>
<!-- Generated by org.testng.reporters.JUnitReportReporter -->
<testsuite hostname="LK-KAM" failures="0" tests="1" name="SeleniumBasics.SearchGoogle" time="39.580" errors="0" timestamp="26 Sep 2018 01:40:43 GMT" skipped="0">
  <testcase classname="SeleniumBasics.SearchGoogle" name="testSearch" time="39.580"/>
</testsuite> <!-- SeleniumBasics.SearchGoogle -->
