<?xml version="1.0" encoding="UTF-8"?>
<!-- Generated by org.testng.reporters.JUnitReportReporter -->
<testsuite hostname="LK-KAM" failures="0" tests="1" name="Test.Test" time="2.458" errors="0" timestamp="01 Sep 2018 17:42:11 GMT" skipped="0">
  <testcase classname="Test.Test" name="test_Home_Page_Appear_Correct" time="2.458"/>
</testsuite> <!-- Test.Test -->
