<?xml version="1.0" encoding="UTF-8"?>
<!-- Generated by org.testng.reporters.JUnitReportReporter -->
<testsuite skipped="0" hostname="LK-KAM" name="Test.Test" tests="1" failures="0" timestamp="25 Feb 2018 04:23:56 GMT" time="5.762" errors="0">
  <testcase name="testScenario" time="5.762" classname="Test.Test"/>
</testsuite> <!-- Test.Test -->
