<?xml version="1.0" encoding="UTF-8"?>
<!-- Generated by org.testng.reporters.JUnitReportReporter -->
<testsuite hostname="LK-KAM" failures="0" tests="1" name="Runner.TestRunner" time="20.215" errors="0" timestamp="07 Sep 2018 20:27:44 GMT" skipped="0">
  <testcase classname="Runner.TestRunner" name="feature" time="20.215"/>
</testsuite> <!-- Runner.TestRunner -->
