<?xml version="1.0" encoding="UTF-8"?>
<!-- Generated by org.testng.reporters.JUnitReportReporter -->
<testsuite hostname="LK-KAM" failures="0" tests="1" name="Runner.TestRunner" time="14.917" errors="0" timestamp="07 Sep 2018 00:04:38 GMT" skipped="0">
  <testcase classname="Runner.TestRunner" name="feature" time="14.917"/>
</testsuite> <!-- Runner.TestRunner -->
