<?xml version="1.0" encoding="UTF-8"?>
<!-- Generated by org.testng.reporters.JUnitReportReporter -->
<testsuite hostname="LK-KAM" failures="0" tests="1" name="SeleniumBasics.SearchGoogle" time="56.856" errors="0" timestamp="14 Sep 2018 23:00:40 GMT" skipped="0">
  <testcase classname="SeleniumBasics.SearchGoogle" name="testSearch" time="56.856"/>
</testsuite> <!-- SeleniumBasics.SearchGoogle -->
