<?xml version="1.0" encoding="UTF-8"?>
<!-- Generated by org.testng.reporters.JUnitReportReporter -->
<testsuite hostname="LK-KAM" failures="0" tests="1" name="SelionPkg.SelionBasic" time="14.893" errors="0" timestamp="03 Oct 2018 00:18:32 GMT" skipped="0">
  <testcase classname="SelionPkg.SelionBasic" name="DemoTest1" time="14.893"/>
</testsuite> <!-- SelionPkg.SelionBasic -->
