<?xml version="1.0" encoding="UTF-8"?>
<!-- Generated by org.testng.reporters.JUnitReportReporter -->
<testsuite hostname="LK-KAM" failures="0" tests="1" name="Runner.TestRunner" time="17.847" errors="0" timestamp="23 Sep 2018 23:35:52 GMT" skipped="0">
  <testcase classname="Runner.TestRunner" name="feature" time="17.847"/>
</testsuite> <!-- Runner.TestRunner -->
