<?xml version="1.0" encoding="UTF-8"?>
<!-- Generated by org.testng.reporters.JUnitReportReporter -->
<testsuite hostname="LK-KAM" failures="0" tests="1" name="Runner.TestRunner" time="16.131" errors="0" timestamp="21 Sep 2018 23:36:01 GMT" skipped="0">
  <testcase classname="Runner.TestRunner" name="feature" time="16.131"/>
</testsuite> <!-- Runner.TestRunner -->
